#
# A fatal error has been detected by the Java Runtime Environment:
#
#  Internal Error (javaClasses.cpp:136), pid=3856, tid=6364
#  fatal error: Invalid layout of preloaded class
#
# JRE version:  (7.0_55-b13) (build )
# Java VM: Java HotSpot(TM) 64-Bit Server VM (24.55-b03 mixed mode windows-amd64 compressed oops)
# Failed to write core dump. Minidumps are not enabled by default on client versions of Windows
#
# If you would like to submit a bug report, please visit:
#   http://bugreport.sun.com/bugreport/crash.jsp
#

---------------  T H R E A D  ---------------

Current thread (0x0000000002c10800):  JavaThread "Unknown thread" [_thread_in_vm, id=6364, stack(0x0000000002ad0000,0x0000000002bd0000)]

Stack: [0x0000000002ad0000,0x0000000002bd0000]

---------------  P R O C E S S  ---------------

Java Threads: ( => current thread )

Other Threads:

=>0x0000000002c10800 (exited) JavaThread "Unknown thread" [_thread_in_vm, id=6364, stack(0x0000000002ad0000,0x0000000002bd0000)]

VM state:not at safepoint (not fully initialized)

VM Mutex/Monitor currently owned by a thread: None

GC Heap History (0 events):
No events

Deoptimization events (0 events):
No events

Internal exceptions (0 events):
No events

Events (10 events):
Event: 0.137 loading class 0x0000000002c5e990 done
Event: 0.138 loading class 0x0000000002c5e3b0 done
Event: 0.138 loading class 0x0000000002c5e390
Event: 0.175 loading class 0x0000000002c664a0
Event: 0.176 loading class 0x0000000002c664a0 done
Event: 0.176 loading class 0x0000000002c664d0
Event: 0.176 loading class 0x0000000002c664d0 done
Event: 0.176 loading class 0x0000000002c66500
Event: 0.176 loading class 0x0000000002c66500 done
Event: 0.176 loading class 0x0000000002c5e390 done


Dynamic libraries:
0x000007f6fe1d0000 - 0x000007f6fe203000 	C:\Program Files\Java\jre7\bin\javaw.exe
0x000007fb8be10000 - 0x000007fb8bfce000 	C:\Windows\SYSTEM32\ntdll.dll
0x000007fb89df0000 - 0x000007fb89f27000 	C:\Windows\system32\KERNEL32.DLL
0x000007fb89100000 - 0x000007fb891f4000 	C:\Windows\system32\KERNELBASE.dll
0x000007fb8a100000 - 0x000007fb8a1de000 	C:\Windows\system32\ADVAPI32.dll
0x000007fb89b00000 - 0x000007fb89c4c000 	C:\Windows\system32\USER32.dll
0x000007fb867a0000 - 0x000007fb86a0a000 	C:\Windows\WinSxS\amd64_microsoft.windows.common-controls_6595b64144ccf1df_6.0.9200.16579_none_418ab7ef718b27ef\COMCTL32.dll
0x000007fb8b6d0000 - 0x000007fb8b775000 	C:\Windows\system32\msvcrt.dll
0x000007fb8bc10000 - 0x000007fb8bc58000 	C:\Windows\SYSTEM32\sechost.dll
0x000007fb8bc60000 - 0x000007fb8bda5000 	C:\Windows\system32\RPCRT4.dll
0x000007fb8bab0000 - 0x000007fb8bbf1000 	C:\Windows\system32\GDI32.dll
0x000007fb8bdd0000 - 0x000007fb8be09000 	C:\Windows\system32\IMM32.DLL
0x000007fb89410000 - 0x000007fb89526000 	C:\Windows\system32\MSCTF.dll
0x00000000752d0000 - 0x00000000753a2000 	C:\Program Files\Java\jre7\bin\msvcr100.dll
0x0000000074b00000 - 0x00000000752c9000 	C:\Program Files\Java\jre7\bin\server\jvm.dll
0x000007fb7a0b0000 - 0x000007fb7a0b9000 	C:\Windows\SYSTEM32\WSOCK32.dll
0x000007fb863b0000 - 0x000007fb863d0000 	C:\Windows\SYSTEM32\WINMM.dll
0x000007fb8b820000 - 0x000007fb8b827000 	C:\Windows\system32\PSAPI.DLL
0x000007fb89200000 - 0x000007fb89258000 	C:\Windows\system32\WS2_32.dll
0x000007fb854f0000 - 0x000007fb85523000 	C:\Windows\SYSTEM32\WINMMBASE.dll
0x000007fb8bdb0000 - 0x000007fb8bdb9000 	C:\Windows\system32\NSI.dll
0x000007fb88e70000 - 0x000007fb88ebf000 	C:\Windows\SYSTEM32\cfgmgr32.dll
0x000007fb88d70000 - 0x000007fb88d92000 	C:\Windows\system32\DEVOBJ.dll
0x0000000074af0000 - 0x0000000074aff000 	C:\Program Files\Java\jre7\bin\verify.dll
0x0000000074ac0000 - 0x0000000074ae8000 	C:\Program Files\Java\jre7\bin\java.dll
0x0000000074aa0000 - 0x0000000074ab5000 	C:\Program Files\Java\jre7\bin\zip.dll

VM Arguments:
jvm_args: -Dfile.encoding=Cp1252 -Xbootclasspath:C:\Development\Android\adt-bundle-windows-x86_64-20140702\sdk\platforms\android-20\android.jar 
java_command: org.eclipse.jdt.internal.junit.runner.RemoteTestRunner -version 3 -port 56015 -testLoaderClass org.eclipse.jdt.internal.junit4.runner.JUnit4TestLoader -loaderpluginname org.eclipse.jdt.junit4.runtime -classNames test.JSonParserTest
Launcher Type: SUN_STANDARD

Environment Variables:
JAVA_HOME=C:\Program Files\Java\jdk1.7.0_55
PATH=C:\Windows\system32;C:\Windows;C:\Windows\System32\Wbem;C:\Windows\System32\WindowsPowerShell\v1.0\;C:\Program Files\Calibre2\;C:\Program Files\MATLAB\R2013a\runtime\win64;C:\Program Files\MATLAB\R2013a\bin;C:\software\apache-maven-3.2.2-bin\apache-maven-3.2.2\bin
USERNAME=mmyrz_000
OS=Windows_NT
PROCESSOR_IDENTIFIER=Intel64 Family 6 Model 30 Stepping 5, GenuineIntel



---------------  S Y S T E M  ---------------

OS: Windows 8 , 64 bit Build 9200 

CPU:total 8 (4 cores per cpu, 2 threads per core) family 6 model 30 stepping 5, cmov, cx8, fxsr, mmx, sse, sse2, sse3, ssse3, sse4.1, sse4.2, popcnt, ht, tsc, tscinvbit

Memory: 4k page, physical 8319548k(5653868k free), swap 16708156k(12667784k free)

vm_info: Java HotSpot(TM) 64-Bit Server VM (24.55-b03) for windows-amd64 JRE (1.7.0_55-b13), built on Mar 17 2014 19:45:30 by "java_re" with unknown MS VC++:1600

time: Sat Jul 26 16:02:43 2014
elapsed time: 0 seconds

